/*C14*/SET SCHEMA PUBLIC
SET SCHEMA PUBLIC
/*C15*/SET SCHEMA PUBLIC
SET SCHEMA PUBLIC
SET SCHEMA PUBLIC
/*C16*/SET SCHEMA PUBLIC
SET SCHEMA PUBLIC
SET SCHEMA PUBLIC
/*C12*/SET SCHEMA PUBLIC
DELETE FROM META_AHORRO WHERE ID_AHORRO=1
COMMIT
DELETE FROM META_AHORRO WHERE ID_AHORRO=6
COMMIT
DELETE FROM PRESUPUESTO_DETALLE WHERE ID_PRESUPUESTO_DETALLE=2
COMMIT
DELETE FROM PRESUPUESTO_DETALLE WHERE ID_PRESUPUESTO_DETALLE=3
COMMIT
DELETE FROM SUBCATEGORIA WHERE ID_SUBCATEGORIA=9
COMMIT
DELETE FROM SUBCATEGORIA WHERE ID_SUBCATEGORIA=8
COMMIT
DELETE FROM SUBCATEGORIA WHERE ID_SUBCATEGORIA=7
COMMIT
DELETE FROM SUBCATEGORIA WHERE ID_SUBCATEGORIA=6
COMMIT
DELETE FROM SUBCATEGORIA WHERE ID_SUBCATEGORIA=3
COMMIT
DELETE FROM SUBCATEGORIA WHERE ID_SUBCATEGORIA=2
COMMIT
DELETE FROM CATEGORIA WHERE ID_CATEGORIA=8
COMMIT
DELETE FROM CATEGORIA WHERE ID_CATEGORIA=7
COMMIT
DELETE FROM CATEGORIA WHERE ID_CATEGORIA=6
COMMIT
DELETE FROM CATEGORIA WHERE ID_CATEGORIA=4
COMMIT
DELETE FROM CATEGORIA WHERE ID_CATEGORIA=3
COMMIT
DELETE FROM USUARIOS WHERE ID_USUARIO=2
COMMIT
DELETE FROM TRANSACCION WHERE ID_TRANSACCION=3
COMMIT
DELETE FROM TRANSACCION WHERE ID_TRANSACCION=2
COMMIT
DELETE FROM OBLIGACION_FIJA WHERE ID_OBLIGACION_FIJA=2
COMMIT
DELETE FROM OBLIGACION_FIJA WHERE ID_OBLIGACION_FIJA=1
COMMIT
DELETE FROM PRESUPUESTO WHERE ID_PRESUPUESTO=1
COMMIT
DELETE FROM USUARIOS WHERE ID_USUARIO=1
COMMIT
DELETE FROM SUBCATEGORIA WHERE ID_SUBCATEGORIA=4
COMMIT
DELETE FROM SUBCATEGORIA WHERE ID_SUBCATEGORIA=1
COMMIT
DELETE FROM CATEGORIA WHERE ID_CATEGORIA=5
COMMIT
DELETE FROM CATEGORIA WHERE ID_CATEGORIA=1
COMMIT
/*C17*/SET SCHEMA PUBLIC
INSERT INTO USUARIOS VALUES(5,'Elvin','Deras','elvin@gmail.com','2025-12-07 13:03:53.258616',43242.42,TRUE,'2025-12-07 13:03:53.258616',NULL,'royum',NULL)
COMMIT
DISCONNECT
/*C12*/DELETE FROM USUARIOS WHERE ID_USUARIO=5
COMMIT
/*C18*/SET SCHEMA PUBLIC
SET SCHEMA PUBLIC
SET SCHEMA PUBLIC
/*C19*/SET SCHEMA PUBLIC
DISCONNECT
/*C20*/SET SCHEMA PUBLIC
DISCONNECT
/*C21*/SET SCHEMA PUBLIC
DISCONNECT
/*C22*/SET SCHEMA PUBLIC
DISCONNECT
/*C23*/SET SCHEMA PUBLIC
INSERT INTO USUARIOS VALUES(1,'Elvin','Deras','elv','2025-12-07 13:40:31.333251',423.00,TRUE,'2025-12-07 13:40:31.333251',NULL,'royum',NULL)
COMMIT
DISCONNECT
/*C24*/SET SCHEMA PUBLIC
DISCONNECT
/*C12*/DELETE FROM USUARIOS WHERE ID_USUARIO=1
COMMIT
/*C25*/SET SCHEMA PUBLIC
DISCONNECT
/*C26*/SET SCHEMA PUBLIC
DISCONNECT
/*C27*/SET SCHEMA PUBLIC
DISCONNECT
/*C28*/SET SCHEMA PUBLIC
INSERT INTO USUARIOS VALUES(1,'Elvin','Deras','elvin@gmail.com','2025-12-07 14:48:53.301308',4232.32,TRUE,'2025-12-07 14:48:53.301308',NULL,'royum',NULL)
COMMIT
DISCONNECT
/*C29*/SET SCHEMA PUBLIC
DISCONNECT
/*C30*/SET SCHEMA PUBLIC
DISCONNECT
/*C31*/SET SCHEMA PUBLIC
DISCONNECT
/*C32*/SET SCHEMA PUBLIC
DISCONNECT
/*C33*/SET SCHEMA PUBLIC
DISCONNECT
/*C34*/SET SCHEMA PUBLIC
DISCONNECT
/*C35*/SET SCHEMA PUBLIC
DISCONNECT
/*C36*/SET SCHEMA PUBLIC
DISCONNECT
